#
# A fatal error has been detected by the Java Runtime Environment:
#
#  EXCEPTION_ACCESS_VIOLATION (0xc0000005) at pc=0x000000006e60f943, pid=19476, tid=0x0000000000002954
#
# JRE version: Java(TM) SE Runtime Environment (8.0_211-b12) (build 1.8.0_211-b12)
# Java VM: Java HotSpot(TM) 64-Bit Server VM (25.211-b12 mixed mode windows-amd64 compressed oops)
# Problematic frame:
# V  [jvm.dll+0x13f943]
#
# Failed to write core dump. Minidumps are not enabled by default on client versions of Windows
#
# If you would like to submit a bug report, please visit:
#   http://bugreport.java.com/bugreport/crash.jsp
#

---------------  T H R E A D  ---------------

Current thread (0x0000000000e2e000):  JavaThread "main" [_thread_in_vm, id=10580, stack(0x00000000025e0000,0x00000000026e0000)]

siginfo: ExceptionCode=0xc0000005, reading address 0x00000003738b10e8

Registers:
RAX=0x0000000000000000, RBX=0x0000000000e2e000, RCX=0x0000000000000003, RDX=0x00000003738b1080
RSP=0x00000000026deaa0, RBP=0x00000000026debf0, RSI=0x0000000000e2e1f8, RDI=0x0000000000e2e000
R8 =0xffff800297022ef0, R9 =0x00007ffd68fdd13f, R10=0x000000000000002f, R11=0x000000000000002f
R12=0x00000000026dee30, R13=0x0000000000000000, R14=0x00000000026dee28, R15=0x0000000000000000
RIP=0x000000006e60f943, EFLAGS=0x0000000000010202

Top of Stack: (sp=0x00000000026deaa0)
0x00000000026deaa0:   00007ffd68fdd110 0000000000e2e000
0x00000000026deab0:   00000000026debf0 0000000000000000
0x00000000026deac0:   0000000000e2e000 0000000000000000
0x00000000026dead0:   0000000000000000 0000000000000000
0x00000000026deae0:   000000001c239e60 00007ffd68fb6777
0x00000000026deaf0:   0000000000e2e1f8 00000000026debf0
0x00000000026deb00:   0000000000e2e000 0000000002921797
0x00000000026deb10:   0000000002921aa0 0000000000000000
0x00000000026deb20:   0000000000000000 0000000000000000
0x00000000026deb30:   00000000029216a0 0000000000010000
0x00000000026deb40:   00000000026deaa0 0000000000000000
0x00000000026deb50:   0000000000000000 0000000000000000
0x00000000026deb60:   0000000000000000 0000000000000000
0x00000000026deb70:   0000000000000000 0000000000000000
0x00000000026deb80:   00000000026dedf8 0000000000000000
0x00000000026deb90:   00000000026dee10 00000000026dee08 

Instructions: (pc=0x000000006e60f943)
0x000000006e60f923:   00 00 48 8b 17 74 15 8b 52 08 8b 0d 35 9f 66 00
0x000000006e60f933:   48 d3 e2 48 03 15 23 9f 66 00 eb 04 48 8b 52 08
0x000000006e60f943:   48 8b 52 68 48 8b ce e8 b1 81 0d 00 48 83 7c 24
0x000000006e60f953:   28 00 48 8b f0 74 0a 48 8d 4c 24 20 e8 6c f4 13 


Register to memory mapping:

RAX=0x0000000000000000 is an unknown value
RBX=0x0000000000e2e000 is a thread
RCX=0x0000000000000003 is an unknown value
RDX=0x00000003738b1080 is an unknown value
RSP=0x00000000026deaa0 is pointing into the stack for thread: 0x0000000000e2e000
RBP=0x00000000026debf0 is pointing into the stack for thread: 0x0000000000e2e000
RSI=0x0000000000e2e1f8 is an unknown value
RDI=0x0000000000e2e000 is a thread
R8 =0xffff800297022ef0 is an unknown value
R9 =0x00007ffd68fdd13f is an unknown value
R10=0x000000000000002f is an unknown value
R11=0x000000000000002f is an unknown value
R12=0x00000000026dee30 is pointing into the stack for thread: 0x0000000000e2e000
R13=0x0000000000000000 is an unknown value
R14=0x00000000026dee28 is pointing into the stack for thread: 0x0000000000e2e000
R15=0x0000000000000000 is an unknown value


Stack: [0x00000000025e0000,0x00000000026e0000],  sp=0x00000000026deaa0,  free space=1018k
Native frames: (J=compiled Java code, j=interpreted, Vv=VM code, C=native code)
V  [jvm.dll+0x13f943]
C  [sqljdbc_auth.dll+0x6777]
C  0x00000000028d8c67

Java frames: (J=compiled Java code, j=interpreted, Vv=VM code)
j  com.microsoft.sqlserver.jdbc.AuthenticationJNI.SNISecGenClientContext([B[I[BI[B[I[ZLjava/lang/String;Ljava/lang/String;Ljava/lang/String;Ljava/util/logging/Logger;)I+0
j  com.microsoft.sqlserver.jdbc.AuthenticationJNI.GenerateClientContext([BI[B[I[Z)I+24
j  com.microsoft.sqlserver.jdbc.SQLServerConnection.SSPIData([B[B[I[ZLcom/microsoft/sqlserver/jdbc/AuthenticationJNI;)V+13
j  com.microsoft.sqlserver.jdbc.SQLServerConnection.sendLogon(Lcom/microsoft/sqlserver/jdbc/SQLServerConnection$LogonCommand;Lcom/microsoft/sqlserver/jdbc/AuthenticationJNI;)V+151
j  com.microsoft.sqlserver.jdbc.SQLServerConnection.logon(Lcom/microsoft/sqlserver/jdbc/SQLServerConnection$LogonCommand;)V+20
j  com.microsoft.sqlserver.jdbc.SQLServerConnection.access$000(Lcom/microsoft/sqlserver/jdbc/SQLServerConnection;Lcom/microsoft/sqlserver/jdbc/SQLServerConnection$LogonCommand;)V+2
j  com.microsoft.sqlserver.jdbc.SQLServerConnection$LogonCommand.doExecute()Z+5
j  com.microsoft.sqlserver.jdbc.TDSCommand.execute(Lcom/microsoft/sqlserver/jdbc/TDSWriter;Lcom/microsoft/sqlserver/jdbc/TDSReader;)Z+30
j  com.microsoft.sqlserver.jdbc.SQLServerConnection.executeCommand(Lcom/microsoft/sqlserver/jdbc/TDSCommand;)Z+45
j  com.microsoft.sqlserver.jdbc.SQLServerConnection.connectHelper(Lcom/microsoft/sqlserver/jdbc/ServerPortPlaceHolder;II)V+284
j  com.microsoft.sqlserver.jdbc.SQLServerConnection.login(Ljava/lang/String;Ljava/lang/String;ILjava/lang/String;Lcom/microsoft/sqlserver/jdbc/FailoverInfo;IJ)V+399
j  com.microsoft.sqlserver.jdbc.SQLServerConnection.connect(Ljava/util/Properties;Lcom/microsoft/sqlserver/jdbc/SQLServerPooledConnection;)Ljava/sql/Connection;+1736
j  com.microsoft.sqlserver.jdbc.SQLServerDriver.connect(Ljava/lang/String;Ljava/util/Properties;)Ljava/sql/Connection;+45
j  java.sql.DriverManager.getConnection(Ljava/lang/String;Ljava/util/Properties;Ljava/lang/Class;)Ljava/sql/Connection;+171
j  java.sql.DriverManager.getConnection(Ljava/lang/String;)Ljava/sql/Connection;+13
j  ConnectMSSQLServer.main([Ljava/lang/String;)V+17
v  ~StubRoutines::call_stub

---------------  P R O C E S S  ---------------

Java Threads: ( => current thread )
  0x000000001e20a000 JavaThread "Service Thread" daemon [_thread_blocked, id=19772, stack(0x000000001ed60000,0x000000001ee60000)]
  0x000000001e185000 JavaThread "C1 CompilerThread3" daemon [_thread_blocked, id=3636, stack(0x000000001ec60000,0x000000001ed60000)]
  0x000000001e175000 JavaThread "C2 CompilerThread2" daemon [_thread_blocked, id=13512, stack(0x000000001eb60000,0x000000001ec60000)]
  0x000000001e16f800 JavaThread "C2 CompilerThread1" daemon [_thread_blocked, id=5160, stack(0x000000001ea60000,0x000000001eb60000)]
  0x000000001e16b000 JavaThread "C2 CompilerThread0" daemon [_thread_blocked, id=15236, stack(0x000000001e960000,0x000000001ea60000)]
  0x000000001e169800 JavaThread "Attach Listener" daemon [_thread_blocked, id=18992, stack(0x000000001e860000,0x000000001e960000)]
  0x000000001e168800 JavaThread "Signal Dispatcher" daemon [_thread_blocked, id=13480, stack(0x000000001e760000,0x000000001e860000)]
  0x000000001e160800 JavaThread "Finalizer" daemon [_thread_blocked, id=20132, stack(0x000000001e540000,0x000000001e640000)]
  0x000000001c23d800 JavaThread "Reference Handler" daemon [_thread_blocked, id=20388, stack(0x000000001e040000,0x000000001e140000)]
=>0x0000000000e2e000 JavaThread "main" [_thread_in_vm, id=10580, stack(0x00000000025e0000,0x00000000026e0000)]

Other Threads:
  0x000000001c239000 VMThread [stack: 0x000000001df40000,0x000000001e040000] [id=7928]
  0x000000001e224800 WatcherThread [stack: 0x000000001ee60000,0x000000001ef60000] [id=18232]

VM state:not at safepoint (normal execution)

VM Mutex/Monitor currently owned by a thread: None

heap address: 0x00000006c2c00000, size: 4052 MB, Compressed Oops mode: Zero based, Oop shift amount: 3
Narrow klass base: 0x0000000000000000, Narrow klass shift: 3
Compressed class space size: 1073741824 Address: 0x00000007c0000000

Heap:
 PSYoungGen      total 75776K, used 23421K [0x000000076b980000, 0x0000000770e00000, 0x00000007c0000000)
  eden space 65024K, 36% used [0x000000076b980000,0x000000076d05f7c0,0x000000076f900000)
  from space 10752K, 0% used [0x0000000770380000,0x0000000770380000,0x0000000770e00000)
  to   space 10752K, 0% used [0x000000076f900000,0x000000076f900000,0x0000000770380000)
 ParOldGen       total 173568K, used 0K [0x00000006c2c00000, 0x00000006cd580000, 0x000000076b980000)
  object space 173568K, 0% used [0x00000006c2c00000,0x00000006c2c00000,0x00000006cd580000)
 Metaspace       used 8536K, capacity 8722K, committed 8960K, reserved 1056768K
  class space    used 927K, capacity 1001K, committed 1024K, reserved 1048576K

Card table byte_map: [0x0000000011c80000,0x0000000012470000] byte_map_base: 0x000000000e66a000

Marking Bits: (ParMarkBitMap*) 0x000000006ecf5ce0
 Begin Bits: [0x00000000131c0000, 0x0000000017110000)
 End Bits:   [0x0000000017110000, 0x000000001b060000)

Polling page: 0x00000000005f0000

CodeCache: size=245760Kb used=3406Kb max_used=3417Kb free=242353Kb
 bounds [0x00000000028c0000, 0x0000000002c20000, 0x00000000118c0000]
 total_blobs=1292 nmethods=948 adapters=257
 compilation: enabled

Compilation events (10 events):
Event: 1.687 Thread 0x000000001e185000  944       3       java.lang.StringBuffer::<init> (6 bytes)
Event: 1.687 Thread 0x000000001e185000 nmethod 944 0x0000000002c14990 code [0x0000000002c14b00, 0x0000000002c14db0]
Event: 1.688 Thread 0x000000001e185000  945       3       java.util.jar.JarFile$JarFileEntry::<init> (11 bytes)
Event: 1.688 Thread 0x000000001e185000 nmethod 945 0x0000000002c14ed0 code [0x0000000002c15040, 0x0000000002c15248]
Event: 1.698 Thread 0x000000001e16b000  946       4       sun.security.provider.SHA5::lf_sigma1 (21 bytes)
Event: 1.699 Thread 0x000000001e16b000 nmethod 946 0x0000000002c18150 code [0x0000000002c18280, 0x0000000002c182d8]
Event: 1.699 Thread 0x000000001e16f800  947       4       sun.security.provider.SHA5::lf_sigma0 (21 bytes)
Event: 1.699 Thread 0x000000001e16b000  948       4       java.lang.Long::reverseBytes (46 bytes)
Event: 1.699 Thread 0x000000001e16f800 nmethod 947 0x0000000002c18350 code [0x0000000002c18480, 0x0000000002c184d8]
Event: 1.699 Thread 0x000000001e16b000 nmethod 948 0x0000000002c16a10 code [0x0000000002c16b40, 0x0000000002c16bd8]

GC Heap History (0 events):
No events

Deoptimization events (5 events):
Event: 0.842 Thread 0x0000000000e2e000 Uncommon trap: reason=class_check action=maybe_recompile pc=0x0000000002aa2624 method=java.util.regex.Pattern$BmpCharProperty.match(Ljava/util/regex/Matcher;ILjava/lang/CharSequence;)Z @ 31
Event: 0.842 Thread 0x0000000000e2e000 Uncommon trap: reason=unstable_if action=reinterpret pc=0x0000000002aa25c0 method=java.util.regex.Pattern$BmpCharProperty.match(Ljava/util/regex/Matcher;ILjava/lang/CharSequence;)Z @ 5
Event: 0.911 Thread 0x0000000000e2e000 Uncommon trap: reason=unstable_if action=reinterpret pc=0x0000000002a91594 method=java.lang.CharacterDataLatin1.digit(II)I @ 82
Event: 1.565 Thread 0x0000000000e2e000 Uncommon trap: reason=unstable_if action=reinterpret pc=0x0000000002a4f5d4 method=java.math.BigInteger.addOne([IIII)I @ 55
Event: 1.649 Thread 0x0000000000e2e000 Uncommon trap: reason=unstable_if action=reinterpret pc=0x0000000002bb5ffc method=java.util.HashMap.resize()[Ljava/util/HashMap$Node; @ 56

Classes redefined (0 events):
No events

Internal exceptions (8 events):
Event: 0.038 Thread 0x0000000000e2e000 Exception <a 'java/lang/NoSuchMethodError': Method sun.misc.Unsafe.defineClass(Ljava/lang/String;[BII)Ljava/lang/Class; name or signature does not match> (0x000000076b987cb0) thrown at [C:\re\workspace\8-2-build-windows-amd64-cygwin\jdk8u211\12973\hotspot
Event: 0.038 Thread 0x0000000000e2e000 Exception <a 'java/lang/NoSuchMethodError': Method sun.misc.Unsafe.prefetchRead(Ljava/lang/Object;J)V name or signature does not match> (0x000000076b987f98) thrown at [C:\re\workspace\8-2-build-windows-amd64-cygwin\jdk8u211\12973\hotspot\src\share\vm\prim
Event: 0.154 Thread 0x0000000000e2e000 Exception <a 'java/security/PrivilegedActionException'> (0x000000076bcf4a78) thrown at [C:\re\workspace\8-2-build-windows-amd64-cygwin\jdk8u211\12973\hotspot\src\share\vm\prims\jvm.cpp, line 1502]
Event: 0.154 Thread 0x0000000000e2e000 Exception <a 'java/security/PrivilegedActionException'> (0x000000076bcf4c88) thrown at [C:\re\workspace\8-2-build-windows-amd64-cygwin\jdk8u211\12973\hotspot\src\share\vm\prims\jvm.cpp, line 1502]
Event: 0.155 Thread 0x0000000000e2e000 Exception <a 'java/security/PrivilegedActionException'> (0x000000076bcf88f8) thrown at [C:\re\workspace\8-2-build-windows-amd64-cygwin\jdk8u211\12973\hotspot\src\share\vm\prims\jvm.cpp, line 1502]
Event: 0.155 Thread 0x0000000000e2e000 Exception <a 'java/security/PrivilegedActionException'> (0x000000076bcf8b08) thrown at [C:\re\workspace\8-2-build-windows-amd64-cygwin\jdk8u211\12973\hotspot\src\share\vm\prims\jvm.cpp, line 1502]
Event: 0.900 Thread 0x0000000000e2e000 Exception <a 'java/lang/NoSuchFieldError': method resolution failed> (0x000000076c40f450) thrown at [C:\re\workspace\8-2-build-windows-amd64-cygwin\jdk8u211\12973\hotspot\src\share\vm\prims\methodHandles.cpp, line 1167]
Event: 0.901 Thread 0x0000000000e2e000 Exception <a 'java/lang/NoSuchFieldError': method resolution failed> (0x000000076c41cb90) thrown at [C:\re\workspace\8-2-build-windows-amd64-cygwin\jdk8u211\12973\hotspot\src\share\vm\prims\methodHandles.cpp, line 1167]

Events (10 events):
Event: 1.738 loading class java/net/Inet4AddressImpl
Event: 1.738 loading class java/net/Inet4AddressImpl done
Event: 1.738 loading class sun/net/InetAddressCachePolicy
Event: 1.738 loading class sun/net/InetAddressCachePolicy done
Event: 1.738 loading class sun/net/InetAddressCachePolicy$1
Event: 1.738 loading class sun/net/InetAddressCachePolicy$1 done
Event: 1.738 loading class sun/net/InetAddressCachePolicy$2
Event: 1.738 loading class sun/net/InetAddressCachePolicy$2 done
Event: 1.738 loading class java/net/InetAddress$CacheEntry
Event: 1.738 loading class java/net/InetAddress$CacheEntry done


Dynamic libraries:
0x00007ff7bddd0000 - 0x00007ff7bde07000 	C:\Program Files\Java\jre1.8.0_211\bin\javaw.exe
0x00007ffd75990000 - 0x00007ffd75b7d000 	C:\WINDOWS\SYSTEM32\ntdll.dll
0x00007ffd72bc0000 - 0x00007ffd72c73000 	C:\WINDOWS\System32\KERNEL32.DLL
0x00007ffd727e0000 - 0x00007ffd72a73000 	C:\WINDOWS\System32\KERNELBASE.dll
0x00007ffd74aa0000 - 0x00007ffd74b43000 	C:\WINDOWS\System32\ADVAPI32.dll
0x00007ffd75780000 - 0x00007ffd7581e000 	C:\WINDOWS\System32\msvcrt.dll
0x00007ffd72ce0000 - 0x00007ffd72d7e000 	C:\WINDOWS\System32\sechost.dll
0x00007ffd73030000 - 0x00007ffd73152000 	C:\WINDOWS\System32\RPCRT4.dll
0x00007ffd75590000 - 0x00007ffd75727000 	C:\WINDOWS\System32\USER32.dll
0x00007ffd72ab0000 - 0x00007ffd72ad0000 	C:\WINDOWS\System32\win32u.dll
0x00007ffd75730000 - 0x00007ffd75759000 	C:\WINDOWS\System32\GDI32.dll
0x00007ffd71a60000 - 0x00007ffd71bfa000 	C:\WINDOWS\System32\gdi32full.dll
0x00007ffd72ad0000 - 0x00007ffd72b70000 	C:\WINDOWS\System32\msvcp_win.dll
0x00007ffd71c60000 - 0x00007ffd71d5a000 	C:\WINDOWS\System32\ucrtbase.dll
0x00007ffd62250000 - 0x00007ffd624c9000 	C:\WINDOWS\WinSxS\amd64_microsoft.windows.common-controls_6595b64144ccf1df_6.0.17763.475_none_05b43ca607202c6c\COMCTL32.dll
0x00007ffd74c00000 - 0x00007ffd74f2c000 	C:\WINDOWS\System32\combase.dll
0x00007ffd71d60000 - 0x00007ffd71dde000 	C:\WINDOWS\System32\bcryptPrimitives.dll
0x00007ffd74b50000 - 0x00007ffd74b7e000 	C:\WINDOWS\System32\IMM32.DLL
0x0000000070260000 - 0x0000000070332000 	C:\Program Files\Java\jre1.8.0_211\bin\msvcr100.dll
0x000000006e4d0000 - 0x000000006ed75000 	C:\Program Files\Java\jre1.8.0_211\bin\server\jvm.dll
0x00007ffd74b80000 - 0x00007ffd74b88000 	C:\WINDOWS\System32\PSAPI.DLL
0x00007ffd66560000 - 0x00007ffd66584000 	C:\WINDOWS\SYSTEM32\WINMM.dll
0x00007ffd5e9b0000 - 0x00007ffd5e9b9000 	C:\WINDOWS\SYSTEM32\WSOCK32.dll
0x00007ffd695a0000 - 0x00007ffd695aa000 	C:\WINDOWS\SYSTEM32\VERSION.dll
0x00007ffd758f0000 - 0x00007ffd7595d000 	C:\WINDOWS\System32\WS2_32.dll
0x00007ffd66320000 - 0x00007ffd6634d000 	C:\WINDOWS\SYSTEM32\WINMMBASE.dll
0x00007ffd72b70000 - 0x00007ffd72bba000 	C:\WINDOWS\System32\cfgmgr32.dll
0x00007ffd6aa20000 - 0x00007ffd6aa2f000 	C:\Program Files\Java\jre1.8.0_211\bin\verify.dll
0x00007ffd65b50000 - 0x00007ffd65b79000 	C:\Program Files\Java\jre1.8.0_211\bin\java.dll
0x00007ffd6a9f0000 - 0x00007ffd6aa06000 	C:\Program Files\Java\jre1.8.0_211\bin\zip.dll
0x00007ffd73290000 - 0x00007ffd74780000 	C:\WINDOWS\System32\SHELL32.dll
0x00007ffd75430000 - 0x00007ffd754d8000 	C:\WINDOWS\System32\shcore.dll
0x00007ffd72090000 - 0x00007ffd727da000 	C:\WINDOWS\System32\windows.storage.dll
0x00007ffd719f0000 - 0x00007ffd71a14000 	C:\WINDOWS\System32\profapi.dll
0x00007ffd71990000 - 0x00007ffd719ed000 	C:\WINDOWS\System32\powrprof.dll
0x00007ffd72c80000 - 0x00007ffd72cd2000 	C:\WINDOWS\System32\shlwapi.dll
0x00007ffd71a20000 - 0x00007ffd71a31000 	C:\WINDOWS\System32\kernel.appcore.dll
0x00007ffd72070000 - 0x00007ffd72087000 	C:\WINDOWS\System32\cryptsp.dll
0x00007ffd632f0000 - 0x00007ffd6330a000 	C:\Program Files\Java\jre1.8.0_211\bin\net.dll
0x00007ffd65620000 - 0x00007ffd657f6000 	C:\WINDOWS\SYSTEM32\urlmon.dll
0x00007ffd648d0000 - 0x00007ffd64b78000 	C:\WINDOWS\SYSTEM32\iertutil.dll
0x00007ffd713e0000 - 0x00007ffd713ec000 	C:\WINDOWS\SYSTEM32\CRYPTBASE.DLL
0x00007ffd71210000 - 0x00007ffd71277000 	C:\WINDOWS\system32\mswsock.dll
0x00007ffd3f650000 - 0x00007ffd3f674000 	C:\Program Files\Java\jre1.8.0_211\bin\sunec.dll
0x00007ffd70f70000 - 0x00007ffd70fad000 	C:\WINDOWS\SYSTEM32\IPHLPAPI.DLL
0x00007ffd74bf0000 - 0x00007ffd74bf8000 	C:\WINDOWS\System32\NSI.dll
0x00007ffd6bd90000 - 0x00007ffd6bda6000 	C:\WINDOWS\SYSTEM32\dhcpcsvc6.DLL
0x00007ffd6baa0000 - 0x00007ffd6babc000 	C:\WINDOWS\SYSTEM32\dhcpcsvc.DLL
0x00007ffd70fb0000 - 0x00007ffd71076000 	C:\WINDOWS\SYSTEM32\DNSAPI.dll
0x00007ffd632d0000 - 0x00007ffd632e2000 	C:\Program Files\Java\jre1.8.0_211\bin\nio.dll
0x00007ffd70dd0000 - 0x00007ffd70e03000 	C:\WINDOWS\system32\rsaenh.dll
0x00007ffd72a80000 - 0x00007ffd72aa6000 	C:\WINDOWS\System32\bcrypt.dll
0x00007ffd718c0000 - 0x00007ffd718e8000 	C:\WINDOWS\SYSTEM32\USERENV.dll
0x00007ffd68560000 - 0x00007ffd6856b000 	C:\Program Files\Java\jre1.8.0_211\bin\sunmscapi.dll
0x00007ffd71e90000 - 0x00007ffd7206b000 	C:\WINDOWS\System32\CRYPT32.dll
0x00007ffd71a40000 - 0x00007ffd71a52000 	C:\WINDOWS\System32\MSASN1.dll
0x00007ffd68fb0000 - 0x00007ffd68ffb000 	C:\Program Files\Java\jre1.8.0_211\bin\sqljdbc_auth.dll
0x00007ffd72e40000 - 0x00007ffd72f95000 	C:\WINDOWS\System32\ole32.dll
0x00007ffd678c0000 - 0x00007ffd678cc000 	C:\WINDOWS\system32\secur32.dll
0x00007ffd71890000 - 0x00007ffd718bf000 	C:\WINDOWS\SYSTEM32\SSPICLI.DLL
0x00007ffd712d0000 - 0x00007ffd713d1000 	C:\WINDOWS\system32\kerberos.DLL
0x00007ffd71190000 - 0x00007ffd71208000 	C:\WINDOWS\system32\msv1_0.DLL
0x00007ffd71180000 - 0x00007ffd7118d000 	C:\WINDOWS\SYSTEM32\NtlmShared.dll
0x00007ffd71280000 - 0x00007ffd71295000 	C:\WINDOWS\SYSTEM32\cryptdll.dll
0x00007ffd678d0000 - 0x00007ffd678f8000 	C:\WINDOWS\system32\ntdsapi.dll
0x00007ffd55980000 - 0x00007ffd55996000 	C:\WINDOWS\system32\napinsp.dll
0x00007ffd4b970000 - 0x00007ffd4b98a000 	C:\WINDOWS\system32\pnrpnsp.dll
0x00007ffd570e0000 - 0x00007ffd570ee000 	C:\WINDOWS\System32\winrnr.dll
0x00007ffd6ab30000 - 0x00007ffd6ab4b000 	C:\WINDOWS\system32\NLAapi.dll
0x00007ffd693c0000 - 0x00007ffd693d5000 	C:\WINDOWS\system32\wshbth.dll
0x00007ffd684b0000 - 0x00007ffd684ba000 	C:\Windows\System32\rasadhlp.dll
0x00007ffd6c150000 - 0x00007ffd6c1c9000 	C:\WINDOWS\System32\fwpuclnt.dll
0x00007ffd70390000 - 0x00007ffd7057d000 	C:\WINDOWS\SYSTEM32\dbghelp.dll

VM Arguments:
jvm_args: -Dfile.encoding=Cp1252 
java_command: ConnectMSSQLServer
java_class_path (initial): C:\Users\tommolini\eclipse-workspace\ConnessioneDB\bin;C:\Users\tommolini\Desktop\Per Fabio\JDBC Driver\jtds-1.3.1.jar;C:\Users\tommolini\Desktop\Per Fabio\sqljdbc4.jar;C:\Users\tommolini\Desktop\Per Fabio\sqlijdbc 6\sqljdbc_6.0\ita\jre8\sqljdbc42.jar
Launcher Type: SUN_STANDARD

Environment Variables:
PATH=C:/Program Files/Java/jre1.8.0_211/bin/server;C:/Program Files/Java/jre1.8.0_211/bin;C:/Program Files/Java/jre1.8.0_211/lib/amd64;C:\Program Files (x86)\Common Files\Oracle\Java\javapath;C:\WINDOWS\system32;C:\WINDOWS;C:\WINDOWS\System32\Wbem;C:\WINDOWS\System32\WindowsPowerShell\v1.0\;C:\WINDOWS\System32\OpenSSH\;C:\Program Files (x86)\Intel\Intel(R) Management Engine Components\DAL;C:\Program Files (x86)\Print Conductor;C:\Program Files (x86)\Microsoft SQL Server\Client SDK\ODBC\130\Tools\Binn\;C:\Program Files (x86)\Microsoft SQL Server\140\Tools\Binn\;C:\Program Files (x86)\Microsoft SQL Server\140\DTS\Binn\;C:\Program Files (x86)\Microsoft SQL Server\140\Tools\Binn\ManagementStudio\;C:\Program Files\dotnet\;C:\Program Files\Microsoft SQL Server\130\Tools\Binn\;C:\Program Files\Intel\WiFi\bin\;C:\Program Files\Common Files\Intel\WirelessCommon\;C:\Program Files (x86)\Infocert\DiKe 6\RAO;C:\Program Files\Microsoft SQL Server\Client SDK\ODBC\130\Tools\Binn\;C:\Program Files\Microsoft SQL Server\140\Tools\Binn\;C:\Program Files\Microsoft SQL Server\140\DTS\Binn\;C:\Users\tommolini\AppData\Local\Microsoft\WindowsApps;C:\Program Files (x86)\Print Conductor;;C:\Users\tommolini\eclipse\java-2018-09\eclipse;
USERNAME=tommolini
OS=Windows_NT
PROCESSOR_IDENTIFIER=Intel64 Family 6 Model 142 Stepping 10, GenuineIntel



---------------  S Y S T E M  ---------------

OS: Windows 10.0 , 64 bit Build 17763 (10.0.17763.475)

CPU:total 8 (initial active 8) (4 cores per cpu, 2 threads per core) family 6 model 142 stepping 10, cmov, cx8, fxsr, mmx, sse, sse2, sse3, ssse3, sse4.1, sse4.2, popcnt, avx, avx2, aes, clmul, erms, 3dnowpref, lzcnt, ht, tsc, tscinvbit, bmi1, bmi2, adx

Memory: 4k page, physical 16595444k(8296356k free), swap 19085812k(8854492k free)

vm_info: Java HotSpot(TM) 64-Bit Server VM (25.211-b12) for windows-amd64 JRE (1.8.0_211-b12), built on Apr  1 2019 20:53:26 by "java_re" with MS VC++ 10.0 (VS2010)

time: Tue May 07 11:37:12 2019
timezone: ora legale Europa occidentale
elapsed time: 1 seconds (0d 0h 0m 1s)

